<?xml version="1.0" encoding="UTF-8" standalone="no"?>
<!DOCTYPE log SYSTEM "logger.dtd">
<log>
<record>
  <date>2018-11-14T16:59:43</date>
  <millis>1542243583337</millis>
  <sequence>0</sequence>
  <level>START</level>
  <class>com.kms.katalon.core.logging.KeywordLogger</class>
  <method>startSuite</method>
  <thread>1</thread>
  <message>Start Test Suite : Test Suites/AccountsHealthCheck</message>
  <nestedLevel>0</nestedLevel>
  <property name="name">AccountsHealthCheck</property>
  <property name="description"></property>
  <property name="id">Test Suites/AccountsHealthCheck</property>
</record>
<record>
  <date>2018-11-14T16:59:43</date>
  <millis>1542243583370</millis>
  <sequence>1</sequence>
  <level>RUN_DATA</level>
  <class>com.kms.katalon.core.logging.KeywordLogger</class>
  <method>logMessage</method>
  <thread>1</thread>
  <message>Logging run data &amp;apos;hostName&amp;apos; with value &amp;apos;dast - WS-124157L.wz.hasbro.com&amp;apos;</message>
  <nestedLevel>0</nestedLevel>
  <property name="hostName">dast - WS-124157L.wz.hasbro.com</property>
</record>
<record>
  <date>2018-11-14T16:59:43</date>
  <millis>1542243583375</millis>
  <sequence>2</sequence>
  <level>RUN_DATA</level>
  <class>com.kms.katalon.core.logging.KeywordLogger</class>
  <method>logMessage</method>
  <thread>1</thread>
  <message>Logging run data &amp;apos;os&amp;apos; with value &amp;apos;Windows 10 64bit&amp;apos;</message>
  <nestedLevel>0</nestedLevel>
  <property name="os">Windows 10 64bit</property>
</record>
<record>
  <date>2018-11-14T16:59:43</date>
  <millis>1542243583376</millis>
  <sequence>3</sequence>
  <level>RUN_DATA</level>
  <class>com.kms.katalon.core.logging.KeywordLogger</class>
  <method>logMessage</method>
  <thread>1</thread>
  <message>Logging run data &amp;apos;hostAddress&amp;apos; with value &amp;apos;192.168.99.1&amp;apos;</message>
  <nestedLevel>0</nestedLevel>
  <property name="hostAddress">192.168.99.1</property>
</record>
<record>
  <date>2018-11-14T16:59:43</date>
  <millis>1542243583377</millis>
  <sequence>4</sequence>
  <level>RUN_DATA</level>
  <class>com.kms.katalon.core.logging.KeywordLogger</class>
  <method>logMessage</method>
  <thread>1</thread>
  <message>Logging run data &amp;apos;katalonVersion&amp;apos; with value &amp;apos;5.8.6.1&amp;apos;</message>
  <nestedLevel>0</nestedLevel>
  <property name="katalonVersion">5.8.6.1</property>
</record>
<record>
  <date>2018-11-14T16:59:43</date>
  <millis>1542243583716</millis>
  <sequence>5</sequence>
  <level>START</level>
  <class>com.kms.katalon.core.logging.KeywordLogger</class>
  <method>startTest</method>
  <thread>1</thread>
  <message>Start Test Case : Test Cases/AccCreateNonCoppaAccount/AccCreateNonCoppaAccount</message>
  <nestedLevel>1</nestedLevel>
  <property name="name">Test Cases/AccCreateNonCoppaAccount/AccCreateNonCoppaAccount</property>
  <property name="description"></property>
  <property name="id">Test Cases/AccCreateNonCoppaAccount/AccCreateNonCoppaAccount</property>
  <property name="source">C:\\Katalon Automation\\AccountsHealthCheck\\Test Cases\\AccCreateNonCoppaAccount\\AccCreateNonCoppaAccount.tc</property>
  <property name="isOptional">false</property>
</record>
<record>
  <date>2018-11-14T16:59:43</date>
  <millis>1542243583749</millis>
  <sequence>6</sequence>
  <level>INFO</level>
  <class>com.kms.katalon.core.logging.KeywordLogger</class>
  <method>logMessage</method>
  <thread>1</thread>
  <message>Evaluating variables for test case</message>
  <nestedLevel>1</nestedLevel>
</record>
<record>
  <date>2018-11-14T16:59:44</date>
  <millis>1542243584473</millis>
  <sequence>7</sequence>
  <level>START</level>
  <class>com.kms.katalon.core.logging.KeywordLogger</class>
  <method>startKeyword</method>
  <thread>1</thread>
  <message>Start action : openBrowser</message>
  <nestedLevel>1</nestedLevel>
  <property name="startLine">32</property>
  <property name="stepIndex">1</property>
</record>
<record>
  <date>2018-11-14T16:59:44</date>
  <millis>1542243584752</millis>
  <sequence>8</sequence>
  <level>INFO</level>
  <class>com.kms.katalon.core.logging.KeywordLogger</class>
  <method>logMessage</method>
  <thread>1</thread>
  <message>Opening browser</message>
  <nestedLevel>1</nestedLevel>
</record>
<record>
  <date>2018-11-14T16:59:44</date>
  <millis>1542243584762</millis>
  <sequence>9</sequence>
  <level>INFO</level>
  <class>com.kms.katalon.core.logging.KeywordLogger</class>
  <method>logMessage</method>
  <thread>1</thread>
  <message>Starting &amp;apos;Chrome&amp;apos; driver</message>
  <nestedLevel>1</nestedLevel>
</record>
<record>
  <date>2018-11-14T16:59:44</date>
  <millis>1542243584794</millis>
  <sequence>10</sequence>
  <level>INFO</level>
  <class>com.kms.katalon.core.logging.KeywordLogger</class>
  <method>logMessage</method>
  <thread>1</thread>
  <message>Action delay is set to 0 seconds</message>
  <nestedLevel>1</nestedLevel>
</record>
<record>
  <date>2018-11-14T16:59:49</date>
  <millis>1542243589230</millis>
  <sequence>12</sequence>
  <level>RUN_DATA</level>
  <class>com.kms.katalon.core.logging.KeywordLogger</class>
  <method>logMessage</method>
  <thread>1</thread>
  <message>Logging run data &amp;apos;sessionId&amp;apos; with value &amp;apos;58da6f73ae2821091816063057635de0&amp;apos;</message>
  <nestedLevel>1</nestedLevel>
  <property name="sessionId">58da6f73ae2821091816063057635de0</property>
</record>
<record>
  <date>2018-11-14T16:59:49</date>
  <millis>1542243589274</millis>
  <sequence>13</sequence>
  <level>RUN_DATA</level>
  <class>com.kms.katalon.core.logging.KeywordLogger</class>
  <method>logMessage</method>
  <thread>1</thread>
  <message>Logging run data &amp;apos;browser&amp;apos; with value &amp;apos;Chrome 70.0.3538.102&amp;apos;</message>
  <nestedLevel>1</nestedLevel>
  <property name="browser">Chrome 70.0.3538.102</property>
</record>
<record>
  <date>2018-11-14T16:59:49</date>
  <millis>1542243589275</millis>
  <sequence>14</sequence>
  <level>RUN_DATA</level>
  <class>com.kms.katalon.core.logging.KeywordLogger</class>
  <method>logMessage</method>
  <thread>1</thread>
  <message>Logging run data &amp;apos;platform&amp;apos; with value &amp;apos;Windows 10&amp;apos;</message>
  <nestedLevel>1</nestedLevel>
  <property name="platform">Windows 10</property>
</record>
<record>
  <date>2018-11-14T16:59:49</date>
  <millis>1542243589278</millis>
  <sequence>15</sequence>
  <level>RUN_DATA</level>
  <class>com.kms.katalon.core.logging.KeywordLogger</class>
  <method>logMessage</method>
  <thread>1</thread>
  <message>Logging run data &amp;apos;seleniumVersion&amp;apos; with value &amp;apos;3.7.1&amp;apos;</message>
  <nestedLevel>1</nestedLevel>
  <property name="seleniumVersion">3.7.1</property>
</record>
<record>
  <date>2018-11-14T16:59:49</date>
  <millis>1542243589279</millis>
  <sequence>16</sequence>
  <level>RUN_DATA</level>
  <class>com.kms.katalon.core.logging.KeywordLogger</class>
  <method>logMessage</method>
  <thread>1</thread>
  <message>Logging run data &amp;apos;proxyInformation&amp;apos; with value &amp;apos;ProxyInformation{proxyOption=NO_PROXY, proxyServerType=HTTP, password=, proxyServerAddress=, proxyServerPort=0}&amp;apos;</message>
  <nestedLevel>1</nestedLevel>
  <property name="proxyInformation">ProxyInformation{proxyOption=NO_PROXY, proxyServerType=HTTP, password=, proxyServerAddress=, proxyServerPort=0}</property>
</record>
<record>
  <date>2018-11-14T16:59:49</date>
  <millis>1542243589283</millis>
  <sequence>17</sequence>
  <level>INFO</level>
  <class>com.kms.katalon.core.logging.KeywordLogger</class>
  <method>logMessage</method>
  <thread>1</thread>
  <message>Navigating browser to: &amp;apos;https://webr20accounts.wizards.com/&amp;apos;</message>
  <nestedLevel>1</nestedLevel>
</record>
<record>
  <date>2018-11-14T17:00:07</date>
  <millis>1542243607163</millis>
  <sequence>18</sequence>
  <level>PASSED</level>
  <class>com.kms.katalon.core.logging.KeywordLogger</class>
  <method>logMessage</method>
  <thread>1</thread>
  <message>Browser is opened with url: &amp;apos;https://webr20accounts.wizards.com/&amp;apos;</message>
  <nestedLevel>1</nestedLevel>
</record>
<record>
  <date>2018-11-14T17:00:07</date>
  <millis>1542243607165</millis>
  <sequence>19</sequence>
  <level>END</level>
  <class>com.kms.katalon.core.logging.KeywordLogger</class>
  <method>endKeyword</method>
  <thread>1</thread>
  <message>End action : openBrowser</message>
  <nestedLevel>1</nestedLevel>
</record>
<record>
  <date>2018-11-14T17:00:07</date>
  <millis>1542243607165</millis>
  <sequence>20</sequence>
  <level>START</level>
  <class>com.kms.katalon.core.logging.KeywordLogger</class>
  <method>startKeyword</method>
  <thread>1</thread>
  <message>Start action : maximizeWindow</message>
  <nestedLevel>1</nestedLevel>
  <property name="startLine">34</property>
  <property name="stepIndex">2</property>
</record>
<record>
  <date>2018-11-14T17:00:07</date>
  <millis>1542243607202</millis>
  <sequence>21</sequence>
  <level>INFO</level>
  <class>com.kms.katalon.core.logging.KeywordLogger</class>
  <method>logMessage</method>
  <thread>1</thread>
  <message>Maximizing current window</message>
  <nestedLevel>1</nestedLevel>
</record>
<record>
  <date>2018-11-14T17:00:08</date>
  <millis>1542243608332</millis>
  <sequence>22</sequence>
  <level>PASSED</level>
  <class>com.kms.katalon.core.logging.KeywordLogger</class>
  <method>logMessage</method>
  <thread>1</thread>
  <message>Current window maximized</message>
  <nestedLevel>1</nestedLevel>
</record>
<record>
  <date>2018-11-14T17:00:08</date>
  <millis>1542243608333</millis>
  <sequence>23</sequence>
  <level>END</level>
  <class>com.kms.katalon.core.logging.KeywordLogger</class>
  <method>endKeyword</method>
  <thread>1</thread>
  <message>End action : maximizeWindow</message>
  <nestedLevel>1</nestedLevel>
</record>
<record>
  <date>2018-11-14T17:00:08</date>
  <millis>1542243608333</millis>
  <sequence>24</sequence>
  <level>START</level>
  <class>com.kms.katalon.core.logging.KeywordLogger</class>
  <method>startKeyword</method>
  <thread>1</thread>
  <message>Start action : Statement - driver = com.kms.katalon.core.webui.driver.DriverFactory.getWebDriver()</message>
  <nestedLevel>1</nestedLevel>
  <property name="startLine">36</property>
  <property name="stepIndex">3</property>
</record>
<record>
  <date>2018-11-14T17:00:08</date>
  <millis>1542243608390</millis>
  <sequence>25</sequence>
  <level>END</level>
  <class>com.kms.katalon.core.logging.KeywordLogger</class>
  <method>endKeyword</method>
  <thread>1</thread>
  <message>End action : Statement - driver = com.kms.katalon.core.webui.driver.DriverFactory.getWebDriver()</message>
  <nestedLevel>1</nestedLevel>
</record>
<record>
  <date>2018-11-14T17:00:08</date>
  <millis>1542243608391</millis>
  <sequence>26</sequence>
  <level>START</level>
  <class>com.kms.katalon.core.logging.KeywordLogger</class>
  <method>startKeyword</method>
  <thread>1</thread>
  <message>Start action : Statement - baseUrl = \&amp;quot;https://webr20accounts.wizards.com/\&amp;quot;</message>
  <nestedLevel>1</nestedLevel>
  <property name="startLine">38</property>
  <property name="stepIndex">4</property>
</record>
<record>
  <date>2018-11-14T17:00:08</date>
  <millis>1542243608422</millis>
  <sequence>27</sequence>
  <level>END</level>
  <class>com.kms.katalon.core.logging.KeywordLogger</class>
  <method>endKeyword</method>
  <thread>1</thread>
  <message>End action : Statement - baseUrl = \&amp;quot;https://webr20accounts.wizards.com/\&amp;quot;</message>
  <nestedLevel>1</nestedLevel>
</record>
<record>
  <date>2018-11-14T17:00:08</date>
  <millis>1542243608423</millis>
  <sequence>28</sequence>
  <level>START</level>
  <class>com.kms.katalon.core.logging.KeywordLogger</class>
  <method>startKeyword</method>
  <thread>1</thread>
  <message>Start action : Statement - selenium = new com.thoughtworks.selenium.webdriven.WebDriverBackedSelenium(driver, baseUrl)</message>
  <nestedLevel>1</nestedLevel>
  <property name="startLine">40</property>
  <property name="stepIndex">5</property>
</record>
<record>
  <date>2018-11-14T17:00:08</date>
  <millis>1542243608569</millis>
  <sequence>29</sequence>
  <level>END</level>
  <class>com.kms.katalon.core.logging.KeywordLogger</class>
  <method>endKeyword</method>
  <thread>1</thread>
  <message>End action : Statement - selenium = new com.thoughtworks.selenium.webdriven.WebDriverBackedSelenium(driver, baseUrl)</message>
  <nestedLevel>1</nestedLevel>
</record>
<record>
  <date>2018-11-14T17:00:08</date>
  <millis>1542243608570</millis>
  <sequence>30</sequence>
  <level>START</level>
  <class>com.kms.katalon.core.logging.KeywordLogger</class>
  <method>startKeyword</method>
  <thread>1</thread>
  <message>Start action : Statement - selenium.open(\&amp;quot;https://webr12accounts.wizards.com/\&amp;quot;)</message>
  <nestedLevel>1</nestedLevel>
  <property name="startLine">42</property>
  <property name="stepIndex">6</property>
</record>
<record>
  <date>2018-11-14T17:00:09</date>
  <millis>1542243609203</millis>
  <sequence>31</sequence>
  <level>END</level>
  <class>com.kms.katalon.core.logging.KeywordLogger</class>
  <method>endKeyword</method>
  <thread>1</thread>
  <message>End action : Statement - selenium.open(\&amp;quot;https://webr12accounts.wizards.com/\&amp;quot;)</message>
  <nestedLevel>1</nestedLevel>
</record>
<record>
  <date>2018-11-14T17:00:09</date>
  <millis>1542243609204</millis>
  <sequence>32</sequence>
  <level>START</level>
  <class>com.kms.katalon.core.logging.KeywordLogger</class>
  <method>startKeyword</method>
  <thread>1</thread>
  <message>Start action : waitForPageLoad</message>
  <nestedLevel>1</nestedLevel>
  <property name="startLine">44</property>
  <property name="stepIndex">7</property>
</record>
<record>
  <date>2018-11-14T17:00:09</date>
  <millis>1542243609260</millis>
  <sequence>33</sequence>
  <level>INFO</level>
  <class>com.kms.katalon.core.logging.KeywordLogger</class>
  <method>logMessage</method>
  <thread>1</thread>
  <message>Checking timeout</message>
  <nestedLevel>1</nestedLevel>
</record>
<record>
  <date>2018-11-14T17:00:09</date>
  <millis>1542243609312</millis>
  <sequence>34</sequence>
  <level>PASSED</level>
  <class>com.kms.katalon.core.logging.KeywordLogger</class>
  <method>logMessage</method>
  <thread>1</thread>
  <message>Wait for page load successfully</message>
  <nestedLevel>1</nestedLevel>
</record>
<record>
  <date>2018-11-14T17:00:09</date>
  <millis>1542243609313</millis>
  <sequence>35</sequence>
  <level>END</level>
  <class>com.kms.katalon.core.logging.KeywordLogger</class>
  <method>endKeyword</method>
  <thread>1</thread>
  <message>End action : waitForPageLoad</message>
  <nestedLevel>1</nestedLevel>
</record>
<record>
  <date>2018-11-14T17:00:09</date>
  <millis>1542243609314</millis>
  <sequence>36</sequence>
  <level>START</level>
  <class>com.kms.katalon.core.logging.KeywordLogger</class>
  <method>startKeyword</method>
  <thread>1</thread>
  <message>Start action : delay</message>
  <nestedLevel>1</nestedLevel>
  <property name="startLine">46</property>
  <property name="stepIndex">8</property>
</record>
<record>
  <date>2018-11-14T17:00:09</date>
  <millis>1542243609379</millis>
  <sequence>37</sequence>
  <level>INFO</level>
  <class>com.kms.katalon.core.logging.KeywordLogger</class>
  <method>logMessage</method>
  <thread>1</thread>
  <message>Delaying browser in 10 second(s)</message>
  <nestedLevel>1</nestedLevel>
</record>
<record>
  <date>2018-11-14T17:00:19</date>
  <millis>1542243619381</millis>
  <sequence>38</sequence>
  <level>PASSED</level>
  <class>com.kms.katalon.core.logging.KeywordLogger</class>
  <method>logMessage</method>
  <thread>1</thread>
  <message>Delayed 10 second(s)</message>
  <nestedLevel>1</nestedLevel>
</record>
<record>
  <date>2018-11-14T17:00:19</date>
  <millis>1542243619382</millis>
  <sequence>39</sequence>
  <level>END</level>
  <class>com.kms.katalon.core.logging.KeywordLogger</class>
  <method>endKeyword</method>
  <thread>1</thread>
  <message>End action : delay</message>
  <nestedLevel>1</nestedLevel>
</record>
<record>
  <date>2018-11-14T17:00:19</date>
  <millis>1542243619383</millis>
  <sequence>40</sequence>
  <level>START</level>
  <class>com.kms.katalon.core.logging.KeywordLogger</class>
  <method>startKeyword</method>
  <thread>1</thread>
  <message>Start action : Statement - selenium.click(\&amp;quot;id=join\&amp;quot;)</message>
  <nestedLevel>1</nestedLevel>
  <property name="startLine">48</property>
  <property name="stepIndex">9</property>
</record>
